[debug] [2024-02-18T12:46:51.824Z] ----------------------------------------------------------------------
[debug] [2024-02-18T12:46:51.829Z] Command:       C:\Program Files\nodejs\node.exe C:\Users\turan\AppData\Roaming\npm\node_modules\firebase-tools\lib\bin\firebase.js init
[debug] [2024-02-18T12:46:51.830Z] CLI Version:   13.2.1
[debug] [2024-02-18T12:46:51.830Z] Platform:      win32
[debug] [2024-02-18T12:46:51.830Z] Node Version:  v20.4.0
[debug] [2024-02-18T12:46:51.831Z] Time:          Sun Feb 18 2024 12:46:51 GMT+0000 (Greenwich Ortalama Saati)
[debug] [2024-02-18T12:46:51.831Z] ----------------------------------------------------------------------
[debug] 
[debug] [2024-02-18T12:46:51.965Z] > command requires scopes: ["email","openid","https://www.googleapis.com/auth/cloudplatformprojects.readonly","https://www.googleapis.com/auth/firebase","https://www.googleapis.com/auth/cloud-platform"]
[debug] [2024-02-18T12:46:51.966Z] > authorizing via signed-in user (serdarworld@gmail.com)
[info] 
     ######## #### ########  ######## ########     ###     ######  ########
     ##        ##  ##     ## ##       ##     ##  ##   ##  ##       ##
     ######    ##  ########  ######   ########  #########  ######  ######
     ##        ##  ##    ##  ##       ##     ## ##     ##       ## ##
     ##       #### ##     ## ######## ########  ##     ##  ######  ########

You're about to initialize a Firebase project in this directory:

  C:\Users\turan\Desktop\2024 Projects\React.js_Netflix

Before we get started, keep in mind:

  * You are initializing within an existing Firebase project directory

[info] 
=== Project Setup
[info] 
[info] First, let's associate this project directory with a Firebase project.
[info] You can create multiple project aliases by running firebase use --add, 
[info] but for now we'll just set up a default project.
[info] 
[debug] [2024-02-18T12:47:03.227Z] Using project from CLI flag: netflix-clone-cbb03
[debug] [2024-02-18T12:47:03.231Z] >>> [apiv2][query] GET https://firebase.googleapis.com/v1beta1/projects/netflix-clone-cbb03 [none]
[debug] [2024-02-18T12:47:03.653Z] <<< [apiv2][status] GET https://firebase.googleapis.com/v1beta1/projects/netflix-clone-cbb03 200
[debug] [2024-02-18T12:47:03.653Z] <<< [apiv2][body] GET https://firebase.googleapis.com/v1beta1/projects/netflix-clone-cbb03 {"projectId":"netflix-clone-cbb03","projectNumber":"430506717005","displayName":"netflix-clone","name":"projects/netflix-clone-cbb03","resources":{"hostingSite":"netflix-clone-cbb03","realtimeDatabaseInstance":"netflix-clone-cbb03-default-rtdb"},"state":"ACTIVE","etag":"1_767ce5bf-12b9-438b-8643-53386c66a0bc"}
[info] i  Using project netflix-clone-cbb03 (netflix-clone) 
[info] 
=== Database Setup
[info] i  database: ensuring required API firebasedatabase.googleapis.com is enabled... 
[debug] [2024-02-18T12:47:03.668Z] >>> [apiv2][query] GET https://serviceusage.googleapis.com/v1/projects/netflix-clone-cbb03/services/firebasedatabase.googleapis.com [none]
[debug] [2024-02-18T12:47:03.668Z] >>> [apiv2][(partial)header] GET https://serviceusage.googleapis.com/v1/projects/netflix-clone-cbb03/services/firebasedatabase.googleapis.com x-goog-quota-user=projects/netflix-clone-cbb03
[debug] [2024-02-18T12:47:04.060Z] <<< [apiv2][status] GET https://serviceusage.googleapis.com/v1/projects/netflix-clone-cbb03/services/firebasedatabase.googleapis.com 200
[debug] [2024-02-18T12:47:04.061Z] <<< [apiv2][body] GET https://serviceusage.googleapis.com/v1/projects/netflix-clone-cbb03/services/firebasedatabase.googleapis.com [omitted]
[info] +  database: required API firebasedatabase.googleapis.com is enabled 
[info] 
[debug] [2024-02-18T12:47:04.063Z] >>> [apiv2][query] GET https://firebasedatabase.googleapis.com/v1beta/projects/netflix-clone-cbb03/locations/-/instances/netflix-clone-cbb03-default-rtdb [none]
[debug] [2024-02-18T12:47:04.318Z] <<< [apiv2][status] GET https://firebasedatabase.googleapis.com/v1beta/projects/netflix-clone-cbb03/locations/-/instances/netflix-clone-cbb03-default-rtdb 200
[debug] [2024-02-18T12:47:04.319Z] <<< [apiv2][body] GET https://firebasedatabase.googleapis.com/v1beta/projects/netflix-clone-cbb03/locations/-/instances/netflix-clone-cbb03-default-rtdb {"name":"projects/430506717005/locations/us-central1/instances/netflix-clone-cbb03-default-rtdb","project":"projects/430506717005","databaseUrl":"https://netflix-clone-cbb03-default-rtdb.firebaseio.com","type":"DEFAULT_DATABASE","state":"ACTIVE"}
[info] 
[info] Firebase Realtime Database Security Rules allow you to define how your data should be
[info] structured and when your data can be read from and written to.
[info] 
[info] Skipping overwrite of Realtime Database Security Rules.
[info] The security rules defined in build will be published when you run firebase deploy.
[info] 
=== Hosting Setup
[debug] [2024-02-18T12:47:06.202Z] >>> [apiv2][query] GET https://firebase.googleapis.com/v1beta1/projects/netflix-clone-cbb03 [none]
[debug] [2024-02-18T12:47:06.459Z] <<< [apiv2][status] GET https://firebase.googleapis.com/v1beta1/projects/netflix-clone-cbb03 200
[debug] [2024-02-18T12:47:06.459Z] <<< [apiv2][body] GET https://firebase.googleapis.com/v1beta1/projects/netflix-clone-cbb03 {"projectId":"netflix-clone-cbb03","projectNumber":"430506717005","displayName":"netflix-clone","name":"projects/netflix-clone-cbb03","resources":{"hostingSite":"netflix-clone-cbb03","realtimeDatabaseInstance":"netflix-clone-cbb03-default-rtdb"},"state":"ACTIVE","etag":"1_767ce5bf-12b9-438b-8643-53386c66a0bc"}
[info] 
[info] Your public directory is the folder (relative to your project directory) that
[info] will contain Hosting assets to be uploaded with firebase deploy. If you
[info] have a build process for your assets, use your build's output directory.
[info] 
[debug] [2024-02-18T12:47:24.181Z] Error: ENOTDIR: not a directory, scandir 'C:\Users\turan\Desktop\2024 Projects\React.js_Netflix\build'
    at Object.readdirSync (node:fs:1534:3)
    at Object.createFileSync (C:\Users\turan\AppData\Roaming\npm\node_modules\firebase-tools\node_modules\fs-extra\lib\ensure\file.js:55:10)
    at Config.writeProjectFile (C:\Users\turan\AppData\Roaming\npm\node_modules\firebase-tools\lib\config.js:154:12)
    at C:\Users\turan\AppData\Roaming\npm\node_modules\firebase-tools\lib\config.js:178:22
    at process.processTicksAndRejections (node:internal/process/task_queues:95:5)
    at async doSetup (C:\Users\turan\AppData\Roaming\npm\node_modules\firebase-tools\lib\init\features\hosting\index.js:173:13)
    at async init (C:\Users\turan\AppData\Roaming\npm\node_modules\firebase-tools\lib\init\index.js:37:9)
[error] 
[error] Error: An unexpected error has occurred.
[debug] [2024-02-18T12:47:35.333Z] ----------------------------------------------------------------------
[debug] [2024-02-18T12:47:35.340Z] Command:       C:\Program Files\nodejs\node.exe C:\Users\turan\AppData\Roaming\npm\node_modules\firebase-tools\lib\bin\firebase.js init
[debug] [2024-02-18T12:47:35.340Z] CLI Version:   13.2.1
[debug] [2024-02-18T12:47:35.341Z] Platform:      win32
[debug] [2024-02-18T12:47:35.341Z] Node Version:  v20.4.0
[debug] [2024-02-18T12:47:35.342Z] Time:          Sun Feb 18 2024 12:47:35 GMT+0000 (Greenwich Ortalama Saati)
[debug] [2024-02-18T12:47:35.342Z] ----------------------------------------------------------------------
[debug] 
[debug] [2024-02-18T12:47:35.474Z] > command requires scopes: ["email","openid","https://www.googleapis.com/auth/cloudplatformprojects.readonly","https://www.googleapis.com/auth/firebase","https://www.googleapis.com/auth/cloud-platform"]
[debug] [2024-02-18T12:47:35.475Z] > authorizing via signed-in user (serdarworld@gmail.com)
[info] 
     ######## #### ########  ######## ########     ###     ######  ########
     ##        ##  ##     ## ##       ##     ##  ##   ##  ##       ##
     ######    ##  ########  ######   ########  #########  ######  ######
     ##        ##  ##    ##  ##       ##     ## ##     ##       ## ##
     ##       #### ##     ## ######## ########  ##     ##  ######  ########

You're about to initialize a Firebase project in this directory:

  C:\Users\turan\Desktop\2024 Projects\React.js_Netflix

Before we get started, keep in mind:

  * You are initializing within an existing Firebase project directory

[info] 
=== Project Setup
[info] 
[info] First, let's associate this project directory with a Firebase project.
[info] You can create multiple project aliases by running firebase use --add, 
[info] but for now we'll just set up a default project.
[info] 
[debug] [2024-02-18T12:47:44.171Z] Using project from CLI flag: netflix-clone-cbb03
[debug] [2024-02-18T12:47:44.176Z] >>> [apiv2][query] GET https://firebase.googleapis.com/v1beta1/projects/netflix-clone-cbb03 [none]
[debug] [2024-02-18T12:47:44.624Z] <<< [apiv2][status] GET https://firebase.googleapis.com/v1beta1/projects/netflix-clone-cbb03 200
[debug] [2024-02-18T12:47:44.625Z] <<< [apiv2][body] GET https://firebase.googleapis.com/v1beta1/projects/netflix-clone-cbb03 {"projectId":"netflix-clone-cbb03","projectNumber":"430506717005","displayName":"netflix-clone","name":"projects/netflix-clone-cbb03","resources":{"hostingSite":"netflix-clone-cbb03","realtimeDatabaseInstance":"netflix-clone-cbb03-default-rtdb"},"state":"ACTIVE","etag":"1_767ce5bf-12b9-438b-8643-53386c66a0bc"}
[info] i  Using project netflix-clone-cbb03 (netflix-clone) 
[info] 
=== Database Setup
[info] i  database: ensuring required API firebasedatabase.googleapis.com is enabled... 
[debug] [2024-02-18T12:47:44.647Z] >>> [apiv2][query] GET https://serviceusage.googleapis.com/v1/projects/netflix-clone-cbb03/services/firebasedatabase.googleapis.com [none]
[debug] [2024-02-18T12:47:44.648Z] >>> [apiv2][(partial)header] GET https://serviceusage.googleapis.com/v1/projects/netflix-clone-cbb03/services/firebasedatabase.googleapis.com x-goog-quota-user=projects/netflix-clone-cbb03
[debug] [2024-02-18T12:47:45.025Z] <<< [apiv2][status] GET https://serviceusage.googleapis.com/v1/projects/netflix-clone-cbb03/services/firebasedatabase.googleapis.com 200
[debug] [2024-02-18T12:47:45.025Z] <<< [apiv2][body] GET https://serviceusage.googleapis.com/v1/projects/netflix-clone-cbb03/services/firebasedatabase.googleapis.com [omitted]
[info] +  database: required API firebasedatabase.googleapis.com is enabled 
[info] 
[debug] [2024-02-18T12:47:45.030Z] >>> [apiv2][query] GET https://firebasedatabase.googleapis.com/v1beta/projects/netflix-clone-cbb03/locations/-/instances/netflix-clone-cbb03-default-rtdb [none]
[debug] [2024-02-18T12:47:45.325Z] <<< [apiv2][status] GET https://firebasedatabase.googleapis.com/v1beta/projects/netflix-clone-cbb03/locations/-/instances/netflix-clone-cbb03-default-rtdb 200
[debug] [2024-02-18T12:47:45.325Z] <<< [apiv2][body] GET https://firebasedatabase.googleapis.com/v1beta/projects/netflix-clone-cbb03/locations/-/instances/netflix-clone-cbb03-default-rtdb {"name":"projects/430506717005/locations/us-central1/instances/netflix-clone-cbb03-default-rtdb","project":"projects/430506717005","databaseUrl":"https://netflix-clone-cbb03-default-rtdb.firebaseio.com","type":"DEFAULT_DATABASE","state":"ACTIVE"}
[info] 
[info] Firebase Realtime Database Security Rules allow you to define how your data should be
[info] structured and when your data can be read from and written to.
[info] 
[info] Skipping overwrite of Realtime Database Security Rules.
[info] The security rules defined in build will be published when you run firebase deploy.
[info] 
=== Hosting Setup
[debug] [2024-02-18T12:47:47.109Z] >>> [apiv2][query] GET https://firebase.googleapis.com/v1beta1/projects/netflix-clone-cbb03 [none]
[debug] [2024-02-18T12:47:47.306Z] <<< [apiv2][status] GET https://firebase.googleapis.com/v1beta1/projects/netflix-clone-cbb03 200
[debug] [2024-02-18T12:47:47.307Z] <<< [apiv2][body] GET https://firebase.googleapis.com/v1beta1/projects/netflix-clone-cbb03 {"projectId":"netflix-clone-cbb03","projectNumber":"430506717005","displayName":"netflix-clone","name":"projects/netflix-clone-cbb03","resources":{"hostingSite":"netflix-clone-cbb03","realtimeDatabaseInstance":"netflix-clone-cbb03-default-rtdb"},"state":"ACTIVE","etag":"1_767ce5bf-12b9-438b-8643-53386c66a0bc"}
[info] 
[info] Your public directory is the folder (relative to your project directory) that
[info] will contain Hosting assets to be uploaded with firebase deploy. If you
[info] have a build process for your assets, use your build's output directory.
[info] 
[debug] [2024-02-18T12:47:55.463Z] >>> [apiv2][query] GET https://www.gstatic.com/firebasejs/releases.json [none]
[debug] [2024-02-18T12:47:55.620Z] <<< [apiv2][status] GET https://www.gstatic.com/firebasejs/releases.json 200
[debug] [2024-02-18T12:47:55.621Z] <<< [apiv2][body] GET https://www.gstatic.com/firebasejs/releases.json {"current":{"version":"10.8.0","browserURL":"https://www.gstatic.com/firebasejs/10.8.0/firebase.js","packageURL":"https://www.gstatic.com/firebasejs/10.8.0/firebase.tgz"},"live":{"version":"10.8","browserURL":"https://www.gstatic.com/firebasejs/live/10.8/firebase.js","packageURL":"https://www.gstatic.com/firebasejs/live/10.8/firebase.tgz"},"components":{"analytics":"https://www.gstatic.com/firebasejs/10.8.0/firebase-analytics.js","app":"https://www.gstatic.com/firebasejs/10.8.0/firebase-app.js","app-check":"https://www.gstatic.com/firebasejs/10.8.0/firebase-app-check.js","auth":"https://www.gstatic.com/firebasejs/10.8.0/firebase-auth.js","auth/cordova":"https://www.gstatic.com/firebasejs/10.8.0/firebase-auth/cordova.js","auth/web-extension":"https://www.gstatic.com/firebasejs/10.8.0/firebase-auth/web-extension.js","functions":"https://www.gstatic.com/firebasejs/10.8.0/firebase-functions.js","firestore":"https://www.gstatic.com/firebasejs/10.8.0/firebase-firestore.js","firestore/lite":"https://www.gstatic.com/firebasejs/10.8.0/firebase-firestore/lite.js","installations":"https://www.gstatic.com/firebasejs/10.8.0/firebase-installations.js","storage":"https://www.gstatic.com/firebasejs/10.8.0/firebase-storage.js","performance":"https://www.gstatic.com/firebasejs/10.8.0/firebase-performance.js","remote-config":"https://www.gstatic.com/firebasejs/10.8.0/firebase-remote-config.js","messaging":"https://www.gstatic.com/firebasejs/10.8.0/firebase-messaging.js","messaging/sw":"https://www.gstatic.com/firebasejs/10.8.0/firebase-messaging/sw.js","database":"https://www.gstatic.com/firebasejs/10.8.0/firebase-database.js","firestore.memory":"https://www.gstatic.com/firebasejs/10.8.0/firebase-firestore.memory.js"}}
[debug] [2024-02-18T12:47:55.743Z] Error: ENOTDIR: not a directory, scandir 'C:\Users\turan\Desktop\2024 Projects\React.js_Netflix\build'
    at Object.readdirSync (node:fs:1534:3)
    at Object.createFileSync (C:\Users\turan\AppData\Roaming\npm\node_modules\firebase-tools\node_modules\fs-extra\lib\ensure\file.js:55:10)
    at Config.writeProjectFile (C:\Users\turan\AppData\Roaming\npm\node_modules\firebase-tools\lib\config.js:154:12)
    at C:\Users\turan\AppData\Roaming\npm\node_modules\firebase-tools\lib\config.js:178:22
    at process.processTicksAndRejections (node:internal/process/task_queues:95:5)
    at async doSetup (C:\Users\turan\AppData\Roaming\npm\node_modules\firebase-tools\lib\init\features\hosting\index.js:177:9)
    at async init (C:\Users\turan\AppData\Roaming\npm\node_modules\firebase-tools\lib\init\index.js:37:9)
[error] 
[error] Error: An unexpected error has occurred.
